#
# A fatal error has been detected by the Java Runtime Environment:
#
#  SIGBUS (0xa) at pc=0x00007fff95180b01, pid=4055, tid=25859
#
# JRE version: 7.0_21-b12
# Java VM: Java HotSpot(TM) 64-Bit Server VM (23.21-b01 mixed mode bsd-amd64 compressed oops)
# Problematic frame:
# C  [libsystem_c.dylib+0x1b01]  memmove$VARIANT$sse42+0xd9
#
# Failed to write core dump. Core dumps have been disabled. To enable core dumping, try "ulimit -c unlimited" before starting Java again
#
# If you would like to submit a bug report, please visit:
#   http://bugreport.sun.com/bugreport/crash.jsp
# The crash happened outside the Java Virtual Machine in native code.
# See problematic frame for where to report the bug.
#

---------------  T H R E A D  ---------------

Current thread (0x00007fb51d0b6800):  JavaThread "qtp148284369-23" [_thread_in_native, id=25859, stack(0x00000001605be000,0x00000001606be000)]

siginfo:si_signo=SIGBUS: si_errno=0, si_code=2 (BUS_ADRERR), si_addr=0x000000015f7b0000

Registers:
RAX=0x00007fb3bc972771, RBX=0x000000015f7aa061, RCX=0xffffffffffff9640, RDX=0x0000000000000000
RSP=0x00000001606bb100, RBP=0x00000001606bb100, RSI=0x000000015f7b698f, RDI=0x00007fb51c129100
R8 =0x000000000000001b, R9 =0x0000000000000000, R10=0x0000000000003600, R11=0x00007fb51c11c800
R12=0x0000000000000000, R13=0x0000000070696c63, R14=0x00007fb51c11c800, R15=0x000000000000c900
RIP=0x00007fff95180b01, EFLAGS=0x0000000000010282, ERR=0x0000000000000004
  TRAPNO=0x000000000000000e

Top of Stack: (sp=0x00000001606bb100)
0x00000001606bb100:   00000001606bb170 000000010105766a
0x00000001606bb110:   00000000606bb170 0000000000000000
0x00000001606bb120:   000000000000c900 00007fb51b889040
0x00000001606bb130:   0000000000000000 00007fb51b821d70
0x00000001606bb140:   00007fb51b88a850 000000002d481812
0x00000001606bb150:   0000000000001302 00007fb51c078000
0x00000001606bb160:   00007fb51b821d70 0000000000000656
0x00000001606bb170:   00000001606bb1c0 00000001010577d0
0x00000001606bb180:   0000000000000027 000000271d0b6800
0x00000001606bb190:   00000001606bb1de 00000001606bb6b0
0x00000001606bb1a0:   0000000000000027 00000001606bb1de
0x00000001606bb1b0:   00007fb51b821d70 00007fb51d0b69d8
0x00000001606bb1c0:   00000001606bb610 000000010105662a
0x00000001606bb1d0:   00007fff7bf6a788 726f000000000001
0x00000001606bb1e0:   7370696c63652f67 2f797474656a2f65
0x00000001606bb1f0:   6c72552f6c697475 2e6465646f636e45
0x00000001606bb200:   0000007373616c63 00000001008b3c87
0x00000001606bb210:   fffffffb00000010 0000000000000082
0x00000001606bb220:   0000000400000000 00000001606bb868
0x00000001606bb230:   00000000606bb538 00000001008b3c9e
0x00000001606bb240:   00007fff7bf6a788 0000003000000010
0x00000001606bb250:   0000000100000000 00000001606bb710
0x00000001606bb260:   0000000000000000 0000000000000000
0x00000001606bb270:   0000000000000000 0000003000000010
0x00000001606bb280:   00000001606bb7f0 00000001606bb700
0x00000001606bb290:   0000000000000000 0000000000000000
0x00000001606bb2a0:   0000000000000000 0000003000000010
0x00000001606bb2b0:   00000001606bb810 00000001606bb730
0x00000001606bb2c0:   0000000000000000 0000000000000000
0x00000001606bb2d0:   0000000000000000 00007fb51d0b6800
0x00000001606bb2e0:   0000000000000000 0000003000000010
0x00000001606bb2f0:   00000001606bb890 00000001606bb7b0 

Instructions: (pc=0x00007fff95180b01)
0x00007fff95180ae1:   40 75 cc e9 57 ff ff ff 0f 1f 80 00 00 00 00 f3
0x00007fff95180af1:   0f 6f 04 0e f3 0f 6f 4c 0e 10 f3 0f 6f 54 0e 20
0x00007fff95180b01:   f3 0f 6f 5c 0e 30 66 0f 7f 04 0f 66 0f 7f 4c 0f
0x00007fff95180b11:   10 66 0f 7f 54 0f 20 66 0f 7f 5c 0f 30 48 83 c1 

Register to memory mapping:

RAX=0x00007fb3bc972771 is an unknown value
RBX=0x000000015f7aa061 is an unknown value
RCX=0xffffffffffff9640 is an unknown value
RDX=0x0000000000000000 is an unknown value
RSP=0x00000001606bb100 is pointing into the stack for thread: 0x00007fb51d0b6800
RBP=0x00000001606bb100 is pointing into the stack for thread: 0x00007fb51d0b6800
RSI=0x000000015f7b698f is pointing into the stack for thread: 0x00007fb51b010000
RDI=0x00007fb51c129100 is an unknown value
R8 =0x000000000000001b is an unknown value
R9 =0x0000000000000000 is an unknown value
R10=0x0000000000003600 is an unknown value
R11=0x00007fb51c11c800 is an unknown value
R12=0x0000000000000000 is an unknown value
R13=0x0000000070696c63 is an unknown value
R14=0x00007fb51c11c800 is an unknown value
R15=0x000000000000c900 is an unknown value


Stack: [0x00000001605be000,0x00000001606be000],  sp=0x00000001606bb100,  free space=1012k
Native frames: (J=compiled Java code, j=interpreted, Vv=VM code, C=native code)
C  [libsystem_c.dylib+0x1b01]  memmove$VARIANT$sse42+0xd9
C  [libzip.dylib+0x366a]  newEntry+0x660
C  [libzip.dylib+0x37d0]  ZIP_GetEntry+0xa2
C  [libzip.dylib+0x262a]  Java_java_util_zip_ZipFile_getEntry+0xdd
j  java.util.zip.ZipFile.getEntry(J[BZ)J+0

Java frames: (J=compiled Java code, j=interpreted, Vv=VM code)
j  java.util.zip.ZipFile.getEntry(J[BZ)J+0
J  sun.misc.URLClassPath.getResource(Ljava/lang/String;Z)Lsun/misc/Resource;
j  java.net.URLClassLoader$1.run()Ljava/lang/Class;+26
j  java.net.URLClassLoader$1.run()Ljava/lang/Object;+1
v  ~StubRoutines::call_stub
j  java.security.AccessController.doPrivileged(Ljava/security/PrivilegedExceptionAction;Ljava/security/AccessControlContext;)Ljava/lang/Object;+0
j  java.net.URLClassLoader.findClass(Ljava/lang/String;)Ljava/lang/Class;+13
j  java.lang.ClassLoader.loadClass(Ljava/lang/String;Z)Ljava/lang/Class;+70
j  sun.misc.Launcher$AppClassLoader.loadClass(Ljava/lang/String;Z)Ljava/lang/Class;+36
j  java.lang.ClassLoader.loadClass(Ljava/lang/String;)Ljava/lang/Class;+3
v  ~StubRoutines::call_stub
j  org.eclipse.jetty.server.Request.extractParameters()V+495
j  org.eclipse.jetty.server.Request.getParameter(Ljava/lang/String;)Ljava/lang/String;+8
j  getPostPackage.PostLoginInfo.doPost(Ljavax/servlet/http/HttpServletRequest;Ljavax/servlet/http/HttpServletResponse;)V+21
j  javax.servlet.http.HttpServlet.service(Ljavax/servlet/http/HttpServletRequest;Ljavax/servlet/http/HttpServletResponse;)V+131
j  javax.servlet.http.HttpServlet.service(Ljavax/servlet/ServletRequest;Ljavax/servlet/ServletResponse;)V+39
j  org.eclipse.jetty.servlet.ServletHolder.handle(Lorg/eclipse/jetty/server/Request;Ljavax/servlet/ServletRequest;Ljavax/servlet/ServletResponse;)V+199
j  org.eclipse.jetty.servlet.ServletHandler.doHandle(Ljava/lang/String;Lorg/eclipse/jetty/server/Request;Ljavax/servlet/http/HttpServletRequest;Ljavax/servlet/http/HttpServletResponse;)V+212
j  org.eclipse.jetty.server.session.SessionHandler.doHandle(Ljava/lang/String;Lorg/eclipse/jetty/server/Request;Ljavax/servlet/http/HttpServletRequest;Ljavax/servlet/http/HttpServletResponse;)V+46
j  org.eclipse.jetty.server.handler.ContextHandler.doHandle(Ljava/lang/String;Lorg/eclipse/jetty/server/Request;Ljavax/servlet/http/HttpServletRequest;Ljavax/servlet/http/HttpServletResponse;)V+206
j  org.eclipse.jetty.servlet.ServletHandler.doScope(Ljava/lang/String;Lorg/eclipse/jetty/server/Request;Ljavax/servlet/http/HttpServletRequest;Ljavax/servlet/http/HttpServletResponse;)V+277
j  org.eclipse.jetty.server.session.SessionHandler.doScope(Ljava/lang/String;Lorg/eclipse/jetty/server/Request;Ljavax/servlet/http/HttpServletRequest;Ljavax/servlet/http/HttpServletResponse;)V+233
j  org.eclipse.jetty.server.handler.ContextHandler.doScope(Ljava/lang/String;Lorg/eclipse/jetty/server/Request;Ljavax/servlet/http/HttpServletRequest;Ljavax/servlet/http/HttpServletResponse;)V+416
j  org.eclipse.jetty.server.handler.ScopedHandler.handle(Ljava/lang/String;Lorg/eclipse/jetty/server/Request;Ljavax/servlet/http/HttpServletRequest;Ljavax/servlet/http/HttpServletResponse;)V+13
j  org.eclipse.jetty.server.handler.HandlerWrapper.handle(Ljava/lang/String;Lorg/eclipse/jetty/server/Request;Ljavax/servlet/http/HttpServletRequest;Ljavax/servlet/http/HttpServletResponse;)V+23
j  org.eclipse.jetty.server.Server.handle(Lorg/eclipse/jetty/server/AbstractHttpConnection;)V+146
j  org.eclipse.jetty.server.AbstractHttpConnection.handleRequest()V+311
j  org.eclipse.jetty.server.AbstractHttpConnection.content(Lorg/eclipse/jetty/io/Buffer;)V+13
j  org.eclipse.jetty.server.AbstractHttpConnection$RequestHandler.content(Lorg/eclipse/jetty/io/Buffer;)V+5
j  org.eclipse.jetty.http.HttpParser.parseNext()I+3557
j  org.eclipse.jetty.http.HttpParser.parseAvailable()Z+41
j  org.eclipse.jetty.server.AsyncHttpConnection.handle()Lorg/eclipse/jetty/io/Connection;+80
j  org.eclipse.jetty.io.nio.SelectChannelEndPoint.handle()V+10
j  org.eclipse.jetty.io.nio.SelectChannelEndPoint$1.run()V+4
j  org.eclipse.jetty.util.thread.QueuedThreadPool.runJob(Ljava/lang/Runnable;)V+1
j  org.eclipse.jetty.util.thread.QueuedThreadPool$3.run()V+47
j  java.lang.Thread.run()V+11
v  ~StubRoutines::call_stub

---------------  P R O C E S S  ---------------

Java Threads: ( => current thread )
  0x00007fb51b0b5800 JavaThread "pool-2-thread-3" [_thread_blocked, id=27655, stack(0x000000015fd31000,0x000000015fe31000)]
  0x00007fb51d0bc000 JavaThread "H2 Log Writer WIREDDB" daemon [_thread_blocked, id=19463, stack(0x00000001609ca000,0x0000000160aca000)]
  0x00007fb51d00f000 JavaThread "H2 File Lock Watchdog /Users/Raaj/wired/Server/wiredDB.lock.db" daemon [_thread_blocked, id=16391, stack(0x000000015f0a5000,0x000000015f1a5000)]
  0x00007fb51d0bb000 JavaThread "pool-2-thread-2" [_thread_blocked, id=26627, stack(0x00000001607c4000,0x00000001608c4000)]
  0x00007fb51b065000 JavaThread "qtp148284369-24" [_thread_blocked, id=26115, stack(0x00000001606c1000,0x00000001607c1000)]
=>0x00007fb51d0b6800 JavaThread "qtp148284369-23" [_thread_in_native, id=25859, stack(0x00000001605be000,0x00000001606be000)]
  0x00007fb51c906800 JavaThread "qtp148284369-22" [_thread_blocked, id=25603, stack(0x00000001604bb000,0x00000001605bb000)]
  0x00007fb51c8b2800 JavaThread "qtp148284369-21" [_thread_blocked, id=25347, stack(0x00000001603b8000,0x00000001604b8000)]
  0x00007fb51c89e000 JavaThread "qtp148284369-20" [_thread_blocked, id=25091, stack(0x00000001602b5000,0x00000001603b5000)]
  0x00007fb51b04e000 JavaThread "qtp148284369-19" [_thread_blocked, id=24835, stack(0x00000001601b2000,0x00000001602b2000)]
  0x00007fb51d0b5800 JavaThread "qtp148284369-18 Acceptor0 SelectChannelConnector@0.0.0.0:8080" [_thread_in_native, id=24579, stack(0x00000001600af000,0x00000001601af000)]
  0x00007fb51d0b5000 JavaThread "qtp148284369-17 Selector0" [_thread_in_native, id=24323, stack(0x000000015ffac000,0x00000001600ac000)]
  0x00007fb51d0a1000 JavaThread "HashSessionScavenger-0" daemon [_thread_blocked, id=24067, stack(0x000000015fea9000,0x000000015ffa9000)]
  0x00007fb51c09f800 JavaThread "pool-2-thread-1" [_thread_blocked, id=23299, stack(0x000000015fc1a000,0x000000015fd1a000)]
  0x00007fb51c8e3800 JavaThread "Thread-2" [_thread_in_native, id=23043, stack(0x000000015fb17000,0x000000015fc17000)]
  0x00007fb51b03b000 JavaThread "H2 Console Server (http://192.168.0.11:8082)" [_thread_in_native, id=22275, stack(0x000000015fa14000,0x000000015fb14000)]
  0x00007fb51b00d000 JavaThread "TCPInputThread" daemon [_thread_in_native, id=21251, stack(0x000000015f911000,0x000000015fa11000)]
  0x00007fb51b010000 JavaThread "UserInputThread" daemon [_thread_in_native, id=20995, stack(0x000000015f7b1000,0x000000015f8b1000)]
  0x00007fb51d024800 JavaThread "Service Thread" daemon [_thread_blocked, id=20483, stack(0x000000015f537000,0x000000015f637000)]
  0x00007fb51d024000 JavaThread "C2 CompilerThread1" daemon [_thread_blocked, id=20227, stack(0x000000015f434000,0x000000015f534000)]
  0x00007fb51d022800 JavaThread "C2 CompilerThread0" daemon [_thread_blocked, id=19971, stack(0x000000015f331000,0x000000015f431000)]
  0x00007fb51b021800 JavaThread "Signal Dispatcher" daemon [_thread_blocked, id=19715, stack(0x000000015f22e000,0x000000015f32e000)]
  0x00007fb51d005800 JavaThread "Finalizer" daemon [_thread_blocked, id=15619, stack(0x000000015ef5c000,0x000000015f05c000)]
  0x00007fb51c811800 JavaThread "Reference Handler" daemon [_thread_blocked, id=15363, stack(0x000000015ee59000,0x000000015ef59000)]
  0x00007fb51c002800 JavaThread "main" [_thread_blocked, id=4619, stack(0x0000000100e88000,0x0000000100f88000)]

Other Threads:
  0x00007fb51c80f000 VMThread [stack: 0x000000015ed56000,0x000000015ee56000] [id=15107]
  0x00007fb51d00a800 WatcherThread [stack: 0x000000015f63a000,0x000000015f73a000] [id=20739]

VM state:not at safepoint (normal execution)

VM Mutex/Monitor currently owned by a thread: None

Heap
 PSYoungGen      total 24128K, used 20242K [0x000000013ef30000, 0x0000000140a10000, 0x0000000159d30000)
  eden space 20736K, 81% used [0x000000013ef30000,0x000000013ffa8528,0x0000000140370000)
  from space 3392K, 99% used [0x0000000140370000,0x00000001406bc628,0x00000001406c0000)
  to   space 3392K, 0% used [0x00000001406c0000,0x00000001406c0000,0x0000000140a10000)
 ParOldGen       total 55040K, used 966K [0x0000000109330000, 0x000000010c8f0000, 0x000000013ef30000)
  object space 55040K, 1% used [0x0000000109330000,0x0000000109421920,0x000000010c8f0000)
 PSPermGen       total 21248K, used 11405K [0x0000000104130000, 0x00000001055f0000, 0x0000000109330000)
  object space 21248K, 53% used [0x0000000104130000,0x0000000104c536b8,0x00000001055f0000)

Card table byte_map: [0x0000000159d30000,0x0000000159fdf000] byte_map_base: 0x000000015950f680

Polling page: 0x0000000100fc7000

Code Cache  [0x000000010105d000, 0x00000001012cd000, 0x000000010405d000)
 total_blobs=413 nmethods=125 adapters=240 free_code_cache=48405Kb largest_free_block=49535872

Compilation events (10 events):
Event: 7.485 Thread 0x00007fb51d024000 nmethod 118 0x0000000101104910 code [0x0000000101104a40, 0x0000000101104ab8]
Event: 7.487 Thread 0x00007fb51d022800 nmethod 117 0x0000000101119d90 code [0x0000000101119ee0, 0x000000010111a128]
Event: 7.516 Thread 0x00007fb51d024000  119             org.h2.server.web.WebThread::readHeaderLine (117 bytes)
Event: 7.524 Thread 0x00007fb51d022800  120             java.util.zip.ZipInputStream::read (304 bytes)
Event: 7.530 Thread 0x00007fb51d022800 nmethod 120 0x00000001010e8090 code [0x00000001010e8240, 0x00000001010e87a0]
Event: 7.530 Thread 0x00007fb51d022800  121             java.util.zip.ZipInputStream::closeEntry (31 bytes)
Event: 7.532 Thread 0x00007fb51d022800 nmethod 121 0x000000010111a2d0 code [0x000000010111a420, 0x000000010111a538]
Event: 7.532 Thread 0x00007fb51d022800  123             java.util.zip.CRC32::update (51 bytes)
Event: 7.533 Thread 0x00007fb51d022800 nmethod 123 0x00000001010e7d50 code [0x00000001010e7ea0, 0x00000001010e7f88]
Event: 7.533 Thread 0x00007fb51d024000 nmethod 119 0x000000010111c0d0 code [0x000000010111c2c0, 0x000000010111cc40]

GC Heap History (2 events):
Event: 1.693 GC heap before
{Heap before GC invocations=1 (full 0):
 PSYoungGen      total 24128K, used 20736K [0x000000013ef30000, 0x0000000140a10000, 0x0000000159d30000)
  eden space 20736K, 100% used [0x000000013ef30000,0x0000000140370000,0x0000000140370000)
  from space 3392K, 0% used [0x00000001406c0000,0x00000001406c0000,0x0000000140a10000)
  to   space 3392K, 0% used [0x0000000140370000,0x0000000140370000,0x00000001406c0000)
 ParOldGen       total 55040K, used 0K [0x0000000109330000, 0x000000010c8f0000, 0x000000013ef30000)
  object space 55040K, 0% used [0x0000000109330000,0x0000000109330000,0x000000010c8f0000)
 PSPermGen       total 21248K, used 10236K [0x0000000104130000, 0x00000001055f0000, 0x0000000109330000)
  object space 21248K, 48% used [0x0000000104130000,0x0000000104b2f188,0x00000001055f0000)
Event: 1.701 GC heap after
Heap after GC invocations=1 (full 0):
 PSYoungGen      total 24128K, used 3377K [0x000000013ef30000, 0x0000000140a10000, 0x0000000159d30000)
  eden space 20736K, 0% used [0x000000013ef30000,0x000000013ef30000,0x0000000140370000)
  from space 3392K, 99% used [0x0000000140370000,0x00000001406bc628,0x00000001406c0000)
  to   space 3392K, 0% used [0x00000001406c0000,0x00000001406c0000,0x0000000140a10000)
 ParOldGen       total 55040K, used 966K [0x0000000109330000, 0x000000010c8f0000, 0x000000013ef30000)
  object space 55040K, 1% used [0x0000000109330000,0x0000000109421920,0x000000010c8f0000)
 PSPermGen       total 21248K, used 10236K [0x0000000104130000, 0x00000001055f0000, 0x0000000109330000)
  object space 21248K, 48% used [0x0000000104130000,0x0000000104b2f188,0x00000001055f0000)
}

Deoptimization events (8 events):
Event: 0.763 Thread 0x00007fb51c002800 Uncommon trap -34 fr.pc 0x00000001010c50d4
Event: 0.764 Thread 0x00007fb51c002800 Uncommon trap -34 fr.pc 0x00000001010c50d4
Event: 0.766 Thread 0x00007fb51c002800 Uncommon trap -34 fr.pc 0x00000001010c50d4
Event: 0.767 Thread 0x00007fb51c002800 Uncommon trap -34 fr.pc 0x00000001010c50d4
Event: 0.839 Thread 0x00007fb51c002800 Uncommon trap -34 fr.pc 0x00000001010ccfe8
Event: 0.848 Thread 0x00007fb51c002800 Uncommon trap -34 fr.pc 0x00000001010ccfe8
Event: 7.470 Thread 0x00007fb51c99c800 Uncommon trap 512 fr.pc 0x000000010110e83c
Event: 7.473 Thread 0x00007fb51c99c800 Uncommon trap -83 fr.pc 0x0000000101111320

Internal exceptions (10 events):
Event: 7.426 Thread 0x00007fb51c99c800 Threw 0x000000013f975168 at /HUDSON/workspace/jdk7u21-2-build-macosx-amd64-product/jdk7u21/hotspot/src/share/vm/prims/jvm.cpp:1166
Event: 7.461 Thread 0x00007fb51c99c800 Threw 0x000000013face168 at /HUDSON/workspace/jdk7u21-2-build-macosx-amd64-product/jdk7u21/hotspot/src/share/vm/prims/jvm.cpp:1166
Event: 7.462 Thread 0x00007fb51c99c800 Threw 0x000000013fad3e98 at /HUDSON/workspace/jdk7u21-2-build-macosx-amd64-product/jdk7u21/hotspot/src/share/vm/prims/jvm.cpp:1166
Event: 7.470 Thread 0x00007fb51c99c800 Threw 0x000000013fb1f230 at /HUDSON/workspace/jdk7u21-2-build-macosx-amd64-product/jdk7u21/hotspot/src/share/vm/prims/jvm.cpp:1166
Event: 7.473 Thread 0x00007fb51c99c800 Threw 0x000000013fb600e0 at /HUDSON/workspace/jdk7u21-2-build-macosx-amd64-product/jdk7u21/hotspot/src/share/vm/prims/jvm.cpp:1166
Event: 9.031 Thread 0x00007fb51c99c800 Threw 0x000000013fcf01e8 at /HUDSON/workspace/jdk7u21-2-build-macosx-amd64-product/jdk7u21/hotspot/src/share/vm/prims/jvm.cpp:1166
Event: 9.032 Thread 0x00007fb51c99c800 Threw 0x000000013fcf84c8 at /HUDSON/workspace/jdk7u21-2-build-macosx-amd64-product/jdk7u21/hotspot/src/share/vm/prims/jvm.cpp:1166
Event: 9.833 Thread 0x00007fb51c99c800 Threw 0x000000013fd290a8 at /HUDSON/workspace/jdk7u21-2-build-macosx-amd64-product/jdk7u21/hotspot/src/share/vm/prims/jvm.cpp:1166
Event: 9.834 Thread 0x00007fb51c99c800 Threw 0x000000013fd31ff0 at /HUDSON/workspace/jdk7u21-2-build-macosx-amd64-product/jdk7u21/hotspot/src/share/vm/prims/jvm.cpp:1166
Event: 146.207 Thread 0x00007fb51d0b6800 Threw 0x000000013ff43ef0 at /HUDSON/workspace/jdk7u21-2-build-macosx-amd64-product/jdk7u21/hotspot/src/share/vm/prims/jvm.cpp:1166

Events (10 events):
Event: 146.052 Executing VM operation: RevokeBias
Event: 146.052 Executing VM operation: RevokeBias done
Event: 146.052 Executing VM operation: RevokeBias
Event: 146.053 Executing VM operation: RevokeBias done
Event: 146.053 Executing VM operation: RevokeBias
Event: 146.053 Executing VM operation: RevokeBias done
Event: 146.205 Executing VM operation: RevokeBias
Event: 146.205 Executing VM operation: RevokeBias done
Event: 146.207 loading class 0x00007fb51bc7e260
Event: 146.207 loading class 0x00007fb51bc7e260 done


Dynamic libraries:
0x000000000a72d000 	/System/Library/Frameworks/Cocoa.framework/Versions/A/Cocoa
0x000000000a72d000 	/System/Library/Frameworks/Security.framework/Versions/A/Security
0x000000000a72d000 	/System/Library/Frameworks/ApplicationServices.framework/Versions/A/ApplicationServices
0x000000000a72d000 	/usr/lib/libz.1.dylib
0x000000000a72d000 	/usr/lib/libSystem.B.dylib
0x000000000a72d000 	/usr/lib/libobjc.A.dylib
0x000000000a72d000 	/System/Library/Frameworks/CoreFoundation.framework/Versions/A/CoreFoundation
0x000000000a72d000 	/System/Library/Frameworks/AppKit.framework/Versions/C/AppKit
0x000000000a72d000 	/System/Library/Frameworks/CoreData.framework/Versions/A/CoreData
0x000000000a72d000 	/System/Library/Frameworks/Foundation.framework/Versions/C/Foundation
0x000000000a72d000 	/System/Library/PrivateFrameworks/RemoteViewServices.framework/Versions/A/RemoteViewServices
0x000000000a72d000 	/System/Library/Frameworks/AudioToolbox.framework/Versions/A/AudioToolbox
0x000000000a72d000 	/System/Library/Frameworks/AudioUnit.framework/Versions/A/AudioUnit
0x000000000a72d000 	/System/Library/PrivateFrameworks/DataDetectorsCore.framework/Versions/A/DataDetectorsCore
0x000000000a72d000 	/System/Library/PrivateFrameworks/DesktopServicesPriv.framework/Versions/A/DesktopServicesPriv
0x000000000a72d000 	/System/Library/Frameworks/Carbon.framework/Versions/A/Frameworks/HIToolbox.framework/Versions/A/HIToolbox
0x000000000a72d000 	/System/Library/Frameworks/QuartzCore.framework/Versions/A/QuartzCore
0x000000000a72d000 	/System/Library/Frameworks/Carbon.framework/Versions/A/Frameworks/SpeechRecognition.framework/Versions/A/SpeechRecognition
0x000000000a72d000 	/usr/lib/libauto.dylib
0x000000000a72d000 	/usr/lib/libicucore.A.dylib
0x000000000a72d000 	/usr/lib/libxml2.2.dylib
0x000000000a72d000 	/System/Library/PrivateFrameworks/CoreUI.framework/Versions/A/CoreUI
0x000000000a72d000 	/System/Library/Frameworks/CoreAudio.framework/Versions/A/CoreAudio
0x000000000a72d000 	/System/Library/Frameworks/DiskArbitration.framework/Versions/A/DiskArbitration
0x000000000a72d000 	/usr/lib/liblangid.dylib
0x000000000a72d000 	/System/Library/PrivateFrameworks/MultitouchSupport.framework/Versions/A/MultitouchSupport
0x000000000a72d000 	/System/Library/Frameworks/IOKit.framework/Versions/A/IOKit
0x000000000a72d000 	/usr/lib/libDiagnosticMessagesClient.dylib
0x000000000a72d000 	/System/Library/Frameworks/CoreServices.framework/Versions/A/CoreServices
0x000000000a72d000 	/System/Library/PrivateFrameworks/PerformanceAnalysis.framework/Versions/A/PerformanceAnalysis
0x000000000a72d000 	/System/Library/PrivateFrameworks/GenerationalStorage.framework/Versions/A/GenerationalStorage
0x000000000a72d000 	/System/Library/Frameworks/OpenGL.framework/Versions/A/OpenGL
0x000000000a72d000 	/System/Library/Frameworks/CoreText.framework/Versions/A/CoreText
0x000000000a72d000 	/System/Library/Frameworks/ImageIO.framework/Versions/A/ImageIO
0x000000000a72d000 	/System/Library/PrivateFrameworks/Backup.framework/Versions/A/Backup
0x000000000a72d000 	/System/Library/Frameworks/CFNetwork.framework/Versions/A/CFNetwork
0x000000000a72d000 	/System/Library/Frameworks/SystemConfiguration.framework/Versions/A/SystemConfiguration
0x000000000a72d000 	/usr/lib/libCRFSuite.dylib
0x000000000a72d000 	/System/Library/PrivateFrameworks/TCC.framework/Versions/A/TCC
0x000000000a72d000 	/usr/lib/libc++.1.dylib
0x000000000a72d000 	/usr/lib/libc++abi.dylib
0x000000000a72d000 	/usr/lib/system/libcache.dylib
0x000000000a72d000 	/usr/lib/system/libcommonCrypto.dylib
0x000000000a72d000 	/usr/lib/system/libcompiler_rt.dylib
0x000000000a72d000 	/usr/lib/system/libcopyfile.dylib
0x000000000a72d000 	/usr/lib/system/libdispatch.dylib
0x000000000a72d000 	/usr/lib/system/libdnsinfo.dylib
0x000000000a72d000 	/usr/lib/system/libdyld.dylib
0x000000000a72d000 	/usr/lib/system/libkeymgr.dylib
0x000000000a72d000 	/usr/lib/system/liblaunch.dylib
0x000000000a72d000 	/usr/lib/system/libmacho.dylib
0x000000000a72d000 	/usr/lib/system/libquarantine.dylib
0x000000000a72d000 	/usr/lib/system/libremovefile.dylib
0x000000000a72d000 	/usr/lib/system/libsystem_blocks.dylib
0x000000000a72d000 	/usr/lib/system/libsystem_c.dylib
0x000000000a72d000 	/usr/lib/system/libsystem_dnssd.dylib
0x000000000a72d000 	/usr/lib/system/libsystem_info.dylib
0x000000000a72d000 	/usr/lib/system/libsystem_kernel.dylib
0x000000000a72d000 	/usr/lib/system/libsystem_m.dylib
0x000000000a72d000 	/usr/lib/system/libsystem_network.dylib
0x000000000a72d000 	/usr/lib/system/libsystem_notify.dylib
0x000000000a72d000 	/usr/lib/system/libsystem_sandbox.dylib
0x000000000a72d000 	/usr/lib/system/libunc.dylib
0x000000000a72d000 	/usr/lib/system/libunwind.dylib
0x000000000a72d000 	/usr/lib/system/libxpc.dylib
0x000000000a72d000 	/usr/lib/system/libcorecrypto.dylib
0x000000000a72d000 	/usr/lib/libstdc++.6.dylib
0x000000000a72d000 	/usr/lib/libbsm.0.dylib
0x000000000a72d000 	/usr/lib/libsqlite3.dylib
0x000000000a72d000 	/usr/lib/libxar.1.dylib
0x000000000a72d000 	/usr/lib/libpam.2.dylib
0x000000000a72d000 	/usr/lib/libOpenScriptingUtil.dylib
0x000000000a72d000 	/usr/lib/libbz2.1.0.dylib
0x000000000a72d000 	/System/Library/Frameworks/CoreServices.framework/Versions/A/Frameworks/CarbonCore.framework/Versions/A/CarbonCore
0x000000000a72d000 	/System/Library/Frameworks/CoreServices.framework/Versions/A/Frameworks/Metadata.framework/Versions/A/Metadata
0x000000000a72d000 	/System/Library/Frameworks/CoreServices.framework/Versions/A/Frameworks/OSServices.framework/Versions/A/OSServices
0x000000000a72d000 	/System/Library/Frameworks/CoreServices.framework/Versions/A/Frameworks/SearchKit.framework/Versions/A/SearchKit
0x000000000a72d000 	/System/Library/Frameworks/CoreServices.framework/Versions/A/Frameworks/AE.framework/Versions/A/AE
0x000000000a72d000 	/System/Library/Frameworks/CoreServices.framework/Versions/A/Frameworks/LaunchServices.framework/Versions/A/LaunchServices
0x000000000a72d000 	/System/Library/Frameworks/CoreServices.framework/Versions/A/Frameworks/DictionaryServices.framework/Versions/A/DictionaryServices
0x000000000a72d000 	/System/Library/Frameworks/NetFS.framework/Versions/A/NetFS
0x000000000a72d000 	/usr/lib/system/libkxld.dylib
0x000000000a72d000 	/System/Library/PrivateFrameworks/NetAuth.framework/Versions/A/NetAuth
0x000000000a72d000 	/System/Library/Frameworks/OpenDirectory.framework/Versions/A/Frameworks/CFOpenDirectory.framework/Versions/A/CFOpenDirectory
0x000000000a72d000 	/usr/lib/libxslt.1.dylib
0x000000000a72d000 	/System/Library/PrivateFrameworks/FamilyControls.framework/Versions/A/FamilyControls
0x000000000a72d000 	/System/Library/Frameworks/Carbon.framework/Versions/A/Frameworks/Ink.framework/Versions/A/Ink
0x000000000a72d000 	/System/Library/Frameworks/ApplicationServices.framework/Versions/A/Frameworks/CoreGraphics.framework/Versions/A/CoreGraphics
0x000000000a72d000 	/System/Library/Frameworks/ApplicationServices.framework/Versions/A/Frameworks/ATS.framework/Versions/A/ATS
0x000000000a72d000 	/System/Library/Frameworks/ApplicationServices.framework/Versions/A/Frameworks/ColorSync.framework/Versions/A/ColorSync
0x000000000a72d000 	/System/Library/Frameworks/ApplicationServices.framework/Versions/A/Frameworks/HIServices.framework/Versions/A/HIServices
0x000000000a72d000 	/System/Library/Frameworks/ApplicationServices.framework/Versions/A/Frameworks/LangAnalysis.framework/Versions/A/LangAnalysis
0x000000000a72d000 	/System/Library/Frameworks/ApplicationServices.framework/Versions/A/Frameworks/PrintCore.framework/Versions/A/PrintCore
0x000000000a72d000 	/System/Library/Frameworks/ApplicationServices.framework/Versions/A/Frameworks/QD.framework/Versions/A/QD
0x000000000a72d000 	/System/Library/Frameworks/ApplicationServices.framework/Versions/A/Frameworks/SpeechSynthesis.framework/Versions/A/SpeechSynthesis
0x000000000a72d000 	/System/Library/Frameworks/IOSurface.framework/Versions/A/IOSurface
0x000000000a72d000 	/System/Library/Frameworks/Accelerate.framework/Versions/A/Accelerate
0x000000000a72d000 	/System/Library/Frameworks/ApplicationServices.framework/Versions/A/Frameworks/ATS.framework/Versions/A/Resources/libFontParser.dylib
0x000000000a72d000 	/System/Library/Frameworks/ApplicationServices.framework/Versions/A/Frameworks/ATS.framework/Versions/A/Resources/libFontRegistry.dylib
0x000000000a72d000 	/System/Library/Frameworks/Accelerate.framework/Versions/A/Frameworks/vImage.framework/Versions/A/vImage
0x000000000a72d000 	/System/Library/Frameworks/Accelerate.framework/Versions/A/Frameworks/vecLib.framework/Versions/A/vecLib
0x000000000a72d000 	/System/Library/Frameworks/Accelerate.framework/Versions/A/Frameworks/vecLib.framework/Versions/A/libvDSP.dylib
0x000000000a72d000 	/System/Library/Frameworks/Accelerate.framework/Versions/A/Frameworks/vecLib.framework/Versions/A/libvMisc.dylib
0x000000000a72d000 	/System/Library/Frameworks/Accelerate.framework/Versions/A/Frameworks/vecLib.framework/Versions/A/libLAPACK.dylib
0x000000000a72d000 	/System/Library/Frameworks/Accelerate.framework/Versions/A/Frameworks/vecLib.framework/Versions/A/libBLAS.dylib
0x000000000a72d000 	/System/Library/Frameworks/ImageIO.framework/Versions/A/Resources/libJPEG.dylib
0x000000000a72d000 	/System/Library/Frameworks/ImageIO.framework/Versions/A/Resources/libTIFF.dylib
0x000000000a72d000 	/System/Library/Frameworks/ImageIO.framework/Versions/A/Resources/libPng.dylib
0x000000000a72d000 	/System/Library/Frameworks/ImageIO.framework/Versions/A/Resources/libGIF.dylib
0x000000000a72d000 	/System/Library/Frameworks/ImageIO.framework/Versions/A/Resources/libJP2.dylib
0x000000000a72d000 	/System/Library/Frameworks/ImageIO.framework/Versions/A/Resources/libRadiance.dylib
0x000000000a72d000 	/usr/lib/libcups.2.dylib
0x000000000a72d000 	/System/Library/Frameworks/Kerberos.framework/Versions/A/Kerberos
0x000000000a72d000 	/System/Library/Frameworks/GSS.framework/Versions/A/GSS
0x000000000a72d000 	/usr/lib/libresolv.9.dylib
0x000000000a72d000 	/usr/lib/libiconv.2.dylib
0x000000000a72d000 	/System/Library/PrivateFrameworks/Heimdal.framework/Versions/A/Heimdal
0x000000000a72d000 	/System/Library/PrivateFrameworks/TrustEvaluationAgent.framework/Versions/A/TrustEvaluationAgent
0x000000000a72d000 	/System/Library/Frameworks/OpenDirectory.framework/Versions/A/OpenDirectory
0x000000000a72d000 	/System/Library/PrivateFrameworks/CommonAuth.framework/Versions/A/CommonAuth
0x000000000a72d000 	/System/Library/PrivateFrameworks/Bom.framework/Versions/A/Bom
0x000000000a72d000 	/System/Library/Frameworks/CoreVideo.framework/Versions/A/CoreVideo
0x000000000a72d000 	/System/Library/Frameworks/QuartzCore.framework/Versions/A/Frameworks/CoreImage.framework/Versions/A/CoreImage
0x000000000a72d000 	/System/Library/Frameworks/QuartzCore.framework/Versions/A/Frameworks/ScalableUserInterface.framework/Versions/A/ScalableUserInterface
0x000000000a72d000 	/System/Library/Frameworks/OpenGL.framework/Versions/A/Libraries/libGLU.dylib
0x000000000a72d000 	/System/Library/Frameworks/OpenGL.framework/Versions/A/Libraries/libGFXShared.dylib
0x000000000a72d000 	/System/Library/Frameworks/OpenGL.framework/Versions/A/Libraries/libGL.dylib
0x000000000a72d000 	/System/Library/Frameworks/OpenGL.framework/Versions/A/Libraries/libGLImage.dylib
0x000000000a72d000 	/System/Library/Frameworks/OpenGL.framework/Versions/A/Libraries/libCVMSPluginSupport.dylib
0x000000000a72d000 	/System/Library/Frameworks/OpenGL.framework/Versions/A/Libraries/libCoreVMClient.dylib
0x000000000a72d000 	/System/Library/PrivateFrameworks/CrashReporterSupport.framework/Versions/A/CrashReporterSupport
0x000000000a72d000 	/System/Library/Frameworks/OpenCL.framework/Versions/A/OpenCL
0x000000000a72d000 	/System/Library/PrivateFrameworks/FaceCoreLight.framework/Versions/A/FaceCoreLight
0x000000000a72d000 	/System/Library/PrivateFrameworks/AppleFSCompression.framework/Versions/A/AppleFSCompression
0x000000000a72d000 	/System/Library/PrivateFrameworks/Ubiquity.framework/Versions/A/Ubiquity
0x000000000a72d000 	/System/Library/Frameworks/ServiceManagement.framework/Versions/A/ServiceManagement
0x000000000a72d000 	/System/Library/PrivateFrameworks/ChunkingLibrary.framework/Versions/A/ChunkingLibrary
0x000000000a72d000 	/System/Library/Frameworks/vecLib.framework/Versions/A/vecLib
0x000000000a72d000 	/System/Library/Frameworks/SecurityFoundation.framework/Versions/A/SecurityFoundation
0x000000000a72d000 	/System/Library/PrivateFrameworks/CommerceKit.framework/Versions/A/Frameworks/CommerceCore.framework/Versions/A/CommerceCore
0x000000000a72d000 	/System/Library/PrivateFrameworks/CoreSymbolication.framework/Versions/A/CoreSymbolication
0x000000000a72d000 	/System/Library/PrivateFrameworks/Symbolication.framework/Versions/A/Symbolication
0x000000000a72d000 	/System/Library/PrivateFrameworks/DebugSymbols.framework/Versions/A/DebugSymbols
0x00000001003de000 	/Library/Java/JavaVirtualMachines/jdk1.7.0_21.jdk/Contents/Home/jre/lib/server/libjvm.dylib
0x0000000100f8a000 	/Library/Java/JavaVirtualMachines/jdk1.7.0_21.jdk/Contents/Home/jre/lib/libverify.dylib
0x0000000100f97000 	/Library/Java/JavaVirtualMachines/jdk1.7.0_21.jdk/Contents/Home/jre/lib/libjava.dylib
0x0000000101054000 	/Library/Java/JavaVirtualMachines/jdk1.7.0_21.jdk/Contents/Home/jre/lib/libzip.dylib
0x000000015f05e000 	/System/Library/Frameworks/JavaVM.framework/Frameworks/JavaRuntimeSupport.framework/JavaRuntimeSupport
0x000000015f076000 	/System/Library/Frameworks/JavaVM.framework/Versions/A/Frameworks/JavaNativeFoundation.framework/Versions/A/JavaNativeFoundation
0x000000015f08b000 	/System/Library/Frameworks/JavaVM.framework/Versions/A/JavaVM
0x000000000a72d000 	/System/Library/Frameworks/Carbon.framework/Versions/A/Carbon
0x000000015f098000 	/System/Library/PrivateFrameworks/JavaLaunching.framework/Versions/A/JavaLaunching
0x000000000a72d000 	/System/Library/Frameworks/Carbon.framework/Versions/A/Frameworks/CommonPanels.framework/Versions/A/CommonPanels
0x000000000a72d000 	/System/Library/Frameworks/Carbon.framework/Versions/A/Frameworks/Help.framework/Versions/A/Help
0x000000000a72d000 	/System/Library/Frameworks/Carbon.framework/Versions/A/Frameworks/ImageCapture.framework/Versions/A/ImageCapture
0x000000000a72d000 	/System/Library/Frameworks/Carbon.framework/Versions/A/Frameworks/OpenScripting.framework/Versions/A/OpenScripting
0x000000000a72d000 	/System/Library/Frameworks/Carbon.framework/Versions/A/Frameworks/Print.framework/Versions/A/Print
0x000000000a72d000 	/System/Library/Frameworks/Carbon.framework/Versions/A/Frameworks/SecurityHI.framework/Versions/A/SecurityHI
0x000000015f8b3000 	/Library/Java/JavaVirtualMachines/jdk1.7.0_21.jdk/Contents/Home/jre/lib/libnet.dylib
0x000000015fd1c000 	/Library/Java/JavaVirtualMachines/jdk1.7.0_21.jdk/Contents/Home/jre/lib/libnio.dylib

VM Arguments:
java_command: WiREDServer.jar
Launcher Type: SUN_STANDARD

Environment Variables:
PATH=/usr/bin:/bin:/usr/sbin:/sbin:/usr/local/bin
SHELL=/bin/bash

Signal Handlers:
SIGSEGV: [libjvm.dylib+0x4a4e2d], sa_mask[0]=0xfffefeff, sa_flags=0x00000042
SIGBUS: [libjvm.dylib+0x4a4e2d], sa_mask[0]=0xfffefeff, sa_flags=0x00000042
SIGFPE: [libjvm.dylib+0x3b4729], sa_mask[0]=0xfffefeff, sa_flags=0x00000042
SIGPIPE: [libjvm.dylib+0x3b4729], sa_mask[0]=0xfffefeff, sa_flags=0x00000042
SIGXFSZ: [libjvm.dylib+0x3b4729], sa_mask[0]=0xfffefeff, sa_flags=0x00000042
SIGILL: [libjvm.dylib+0x3b4729], sa_mask[0]=0xfffefeff, sa_flags=0x00000042
SIGUSR1: SIG_DFL, sa_mask[0]=0x63807efb, sa_flags=0x00000000
SIGUSR2: [libjvm.dylib+0x3b42c2], sa_mask[0]=0x00000000, sa_flags=0x00000042
SIGHUP: [libjvm.dylib+0x3b2523], sa_mask[0]=0xfffefeff, sa_flags=0x00000042
SIGINT: [libjvm.dylib+0x3b2523], sa_mask[0]=0xfffefeff, sa_flags=0x00000042
SIGTERM: [libjvm.dylib+0x3b2523], sa_mask[0]=0xfffefeff, sa_flags=0x00000042
SIGQUIT: [libjvm.dylib+0x3b2523], sa_mask[0]=0xfffefeff, sa_flags=0x00000042


---------------  S Y S T E M  ---------------

OS:Bsduname:Darwin 12.4.0 Darwin Kernel Version 12.4.0: Wed May  1 17:57:12 PDT 2013; root:xnu-2050.24.15~1/RELEASE_X86_64 x86_64
rlimit: STACK 8192k, CORE 0k, NPROC 709, NOFILE 10240, AS infinity
load average:0.81 0.78 0.68

CPU:total 4 (2 cores per cpu, 2 threads per core) family 6 model 42 stepping 7, cmov, cx8, fxsr, mmx, sse, sse2, sse3, ssse3, sse4.1, sse4.2, popcnt, avx, ht, tsc, tscinvbit

Memory: 4k page, physical 5282412k(1320603k free)

/proc/meminfo:


vm_info: Java HotSpot(TM) 64-Bit Server VM (23.21-b01) for bsd-amd64 JRE (1.7.0_21-b12), built on Apr  7 2013 14:55:50 by "java_re" with gcc 4.2.1 (Based on Apple Inc. build 5658) (LLVM build 2336.11.00)

time: Sun Jul  7 16:05:42 2013
elapsed time: 146 seconds

